=== reviewing ch04-instantaneous-rate ===
done ch04-instantaneous-rate (rc=0,     2631 bytes)
=== reviewing ch05-derivative-rules-and-e ===
done ch05-derivative-rules-and-e (rc=0,     2630 bytes)
=== reviewing ch06-optimization ===
done ch06-optimization (rc=0,     5599 bytes)
=== reviewing ch07-integration ===
done ch07-integration (rc=0,     2807 bytes)
=== reviewing ch08-fundamental-theorem ===
done ch08-fundamental-theorem (rc=0,     2649 bytes)
=== reviewing ch09-infinite-series ===
done ch09-infinite-series (rc=0,     5236 bytes)
=== reviewing ch10-differential-equations ===
done ch10-differential-equations (rc=0,     5177 bytes)
=== reviewing ch11-fourier ===
done ch11-fourier (rc=0,     3377 bytes)
=== reviewing ch12-divergent-series ===
done ch12-divergent-series (rc=0,     3488 bytes)
=== reviewing ch13-monster-functions ===
done ch13-monster-functions (rc=0,     3917 bytes)
=== reviewing ch14-rigor ===
done ch14-rigor (rc=0,     2953 bytes)
=== reviewing ch15-mother-tongue ===
done ch15-mother-tongue (rc=0,     4136 bytes)
ALL AGY REVIEWS DONE
